<?xml version="1.0" encoding="UTF-8"?>
<!-- Generated by org.testng.reporters.JUnitXMLReporter -->
<testsuite ignored="0" hostname="LIN-8GLNBK3" failures="0" tests="5" name="Default test" time="0.19" errors="0" timestamp="2025-12-03T12:52:22 IST">
  <testcase classname="CoreJava.JavaStreams.JavaStreamsTwo" name="MapOperation" time="0.031"/>
  <testcase classname="CoreJava.JavaStreams.JavaStreamsTwo" name="collectStream" time="0.005"/>
  <testcase classname="CoreJava.JavaStreams.JavaStreamsTwo" name="mergeStreams" time="0.012"/>
  <testcase classname="CoreJava.JavaStreams.JavaStreamsTwo" name="sortList" time="0.007"/>
  <testcase classname="CoreJava.JavaStreams.JavaStreamsTwo" name="uniqueElements" time="0.006"/>
</testsuite> <!-- Default test -->
