<?xml version="1.0" encoding="UTF-8"?>
<testng-results ignored="0" total="5" passed="5" failed="0" skipped="0">
  <reporter-output>
  </reporter-output>
  <suite started-at="2025-12-03T12:52:22 IST" name="Default suite" finished-at="2025-12-03T12:52:22 IST" duration-ms="190">
    <groups>
    </groups>
    <test started-at="2025-12-03T12:52:22 IST" name="Default test" finished-at="2025-12-03T12:52:22 IST" duration-ms="190">
      <class name="CoreJava.JavaStreams.JavaStreamsTwo">
        <test-method signature="MapOperation()[pri:0, instance:CoreJava.JavaStreams.JavaStreamsTwo@2b71e916]" started-at="2025-12-03T12:52:22 IST" name="MapOperation" finished-at="2025-12-03T12:52:22 IST" duration-ms="31" status="PASS">
          <reporter-output>
          </reporter-output>
        </test-method> <!-- MapOperation -->
        <test-method signature="collectStream()[pri:0, instance:CoreJava.JavaStreams.JavaStreamsTwo@2b71e916]" started-at="2025-12-03T12:52:22 IST" name="collectStream" finished-at="2025-12-03T12:52:22 IST" duration-ms="5" status="PASS">
          <reporter-output>
          </reporter-output>
        </test-method> <!-- collectStream -->
        <test-method signature="mergeStreams()[pri:0, instance:CoreJava.JavaStreams.JavaStreamsTwo@2b71e916]" started-at="2025-12-03T12:52:22 IST" name="mergeStreams" finished-at="2025-12-03T12:52:22 IST" duration-ms="12" status="PASS">
          <reporter-output>
          </reporter-output>
        </test-method> <!-- mergeStreams -->
        <test-method signature="sortList()[pri:0, instance:CoreJava.JavaStreams.JavaStreamsTwo@2b71e916]" started-at="2025-12-03T12:52:22 IST" name="sortList" finished-at="2025-12-03T12:52:22 IST" duration-ms="7" status="PASS">
          <reporter-output>
          </reporter-output>
        </test-method> <!-- sortList -->
        <test-method signature="uniqueElements()[pri:0, instance:CoreJava.JavaStreams.JavaStreamsTwo@2b71e916]" started-at="2025-12-03T12:52:22 IST" name="uniqueElements" finished-at="2025-12-03T12:52:22 IST" duration-ms="6" status="PASS">
          <reporter-output>
          </reporter-output>
        </test-method> <!-- uniqueElements -->
      </class> <!-- CoreJava.JavaStreams.JavaStreamsTwo -->
    </test> <!-- Default test -->
  </suite> <!-- Default suite -->
</testng-results>
