<?xml version="1.0" encoding="UTF-8"?>
<testng-results ignored="0" total="2" passed="2" failed="0" skipped="0">
  <reporter-output>
  </reporter-output>
  <suite started-at="2025-12-03T11:28:58 IST" name="Default suite" finished-at="2025-12-03T11:28:58 IST" duration-ms="151">
    <groups>
    </groups>
    <test started-at="2025-12-03T11:28:58 IST" name="Default test" finished-at="2025-12-03T11:28:58 IST" duration-ms="151">
      <class name="CoreJava.JavaStreams.JavaStreamsTwo">
        <test-method signature="MapOperation()[pri:0, instance:CoreJava.JavaStreams.JavaStreamsTwo@51399530]" started-at="2025-12-03T11:28:58 IST" name="MapOperation" finished-at="2025-12-03T11:28:58 IST" duration-ms="28" status="PASS">
          <reporter-output>
          </reporter-output>
        </test-method> <!-- MapOperation -->
        <test-method signature="sortList()[pri:0, instance:CoreJava.JavaStreams.JavaStreamsTwo@51399530]" started-at="2025-12-03T11:28:58 IST" name="sortList" finished-at="2025-12-03T11:28:58 IST" duration-ms="12" status="PASS">
          <reporter-output>
          </reporter-output>
        </test-method> <!-- sortList -->
      </class> <!-- CoreJava.JavaStreams.JavaStreamsTwo -->
    </test> <!-- Default test -->
  </suite> <!-- Default suite -->
</testng-results>
