<?xml version="1.0" encoding="UTF-8"?>
<!-- Generated by org.testng.reporters.JUnitReportReporter -->
<testsuite hostname="LIN-8GLNBK3" failures="0" tests="2" name="CoreJava.JavaStreams.JavaStreamsTwo" time="0.040" errors="0" timestamp="2025-12-03T11:28:58 IST" skipped="0">
  <testcase classname="CoreJava.JavaStreams.JavaStreamsTwo" name="sortList" time="0.012"/>
  <testcase classname="CoreJava.JavaStreams.JavaStreamsTwo" name="MapOperation" time="0.028"/>
</testsuite> <!-- CoreJava.JavaStreams.JavaStreamsTwo -->
