<?xml version="1.0" encoding="UTF-8"?>
<!-- Generated by org.testng.reporters.JUnitReportReporter -->
<testsuite hostname="LIN-8GLNBK3" failures="0" tests="5" name="CoreJava.JavaStreams.JavaStreamsTwo" time="0.061" errors="0" timestamp="2025-12-03T12:52:23 IST" skipped="0">
  <testcase classname="CoreJava.JavaStreams.JavaStreamsTwo" name="collectStream" time="0.005"/>
  <testcase classname="CoreJava.JavaStreams.JavaStreamsTwo" name="sortList" time="0.007"/>
  <testcase classname="CoreJava.JavaStreams.JavaStreamsTwo" name="uniqueElements" time="0.006"/>
  <testcase classname="CoreJava.JavaStreams.JavaStreamsTwo" name="mergeStreams" time="0.012"/>
  <testcase classname="CoreJava.JavaStreams.JavaStreamsTwo" name="MapOperation" time="0.031"/>
</testsuite> <!-- CoreJava.JavaStreams.JavaStreamsTwo -->
